[2023-09-23 16:27:33] local.ERROR: The "/Users/vironeer/Desktop/Workspace/Codecanyon/filebob/storage/app/chunks" directory does not exist. {"exception":"[object] (Symfony\\Component\\Finder\\Exception\\DirectoryNotFoundException(code: 0): The \"/Users/vironeer/Desktop/Workspace/Codecanyon/filebob/storage/app/chunks\" directory does not exist. at /Users/vironeer/Desktop/Workspace/Codecanyon/filebob/vendor/symfony/finder/Finder.php:640)
[stacktrace]
#0 /Users/vironeer/Desktop/Workspace/Codecanyon/filebob/vendor/laravel/framework/src/Illuminate/Filesystem/Filesystem.php(569): Symfony\\Component\\Finder\\Finder->in('/Users/vironeer...')
#1 /Users/vironeer/Desktop/Workspace/Codecanyon/filebob/vendor/laravel/framework/src/Illuminate/Support/Facades/Facade.php(338): Illuminate\\Filesystem\\Filesystem->files('/Users/vironeer...')
#2 /Users/vironeer/Desktop/Workspace/Codecanyon/filebob/app/Console/Commands/DeleteChunks.php(34): Illuminate\\Support\\Facades\\Facade::__callStatic('files', Array)
#3 /Users/vironeer/Desktop/Workspace/Codecanyon/filebob/vendor/laravel/framework/src/Illuminate/Container/BoundMethod.php(36): App\\Console\\Commands\\DeleteChunks->handle()
#4 /Users/vironeer/Desktop/Workspace/Codecanyon/filebob/vendor/laravel/framework/src/Illuminate/Container/Util.php(41): Illuminate\\Container\\BoundMethod::Illuminate\\Container\\{closure}()
#5 /Users/vironeer/Desktop/Workspace/Codecanyon/filebob/vendor/laravel/framework/src/Illuminate/Container/BoundMethod.php(93): Illuminate\\Container\\Util::unwrapIfClosure(Object(Closure))
#6 /Users/vironeer/Desktop/Workspace/Codecanyon/filebob/vendor/laravel/framework/src/Illuminate/Container/BoundMethod.php(35): Illuminate\\Container\\BoundMethod::callBoundMethod(Object(Illuminate\\Foundation\\Application), Array, Object(Closure))
#7 /Users/vironeer/Desktop/Workspace/Codecanyon/filebob/vendor/laravel/framework/src/Illuminate/Container/Container.php(661): Illuminate\\Container\\BoundMethod::call(Object(Illuminate\\Foundation\\Application), Array, Array, NULL)
#8 /Users/vironeer/Desktop/Workspace/Codecanyon/filebob/vendor/laravel/framework/src/Illuminate/Console/Command.php(183): Illuminate\\Container\\Container->call(Array)
#9 /Users/vironeer/Desktop/Workspace/Codecanyon/filebob/vendor/symfony/console/Command/Command.php(326): Illuminate\\Console\\Command->execute(Object(Symfony\\Component\\Console\\Input\\ArgvInput), Object(Illuminate\\Console\\OutputStyle))
#10 /Users/vironeer/Desktop/Workspace/Codecanyon/filebob/vendor/laravel/framework/src/Illuminate/Console/Command.php(152): Symfony\\Component\\Console\\Command\\Command->run(Object(Symfony\\Component\\Console\\Input\\ArgvInput), Object(Illuminate\\Console\\OutputStyle))
#11 /Users/vironeer/Desktop/Workspace/Codecanyon/filebob/vendor/symfony/console/Application.php(1063): Illuminate\\Console\\Command->run(Object(Symfony\\Component\\Console\\Input\\ArgvInput), Object(Symfony\\Component\\Console\\Output\\ConsoleOutput))
#12 /Users/vironeer/Desktop/Workspace/Codecanyon/filebob/vendor/symfony/console/Application.php(320): Symfony\\Component\\Console\\Application->doRunCommand(Object(App\\Console\\Commands\\DeleteChunks), Object(Symfony\\Component\\Console\\Input\\ArgvInput), Object(Symfony\\Component\\Console\\Output\\ConsoleOutput))
#13 /Users/vironeer/Desktop/Workspace/Codecanyon/filebob/vendor/symfony/console/Application.php(174): Symfony\\Component\\Console\\Application->doRun(Object(Symfony\\Component\\Console\\Input\\ArgvInput), Object(Symfony\\Component\\Console\\Output\\ConsoleOutput))
#14 /Users/vironeer/Desktop/Workspace/Codecanyon/filebob/vendor/laravel/framework/src/Illuminate/Console/Application.php(102): Symfony\\Component\\Console\\Application->run(Object(Symfony\\Component\\Console\\Input\\ArgvInput), Object(Symfony\\Component\\Console\\Output\\ConsoleOutput))
#15 /Users/vironeer/Desktop/Workspace/Codecanyon/filebob/vendor/laravel/framework/src/Illuminate/Foundation/Console/Kernel.php(155): Illuminate\\Console\\Application->run(Object(Symfony\\Component\\Console\\Input\\ArgvInput), Object(Symfony\\Component\\Console\\Output\\ConsoleOutput))
#16 /Users/vironeer/Desktop/Workspace/Codecanyon/filebob/artisan(35): Illuminate\\Foundation\\Console\\Kernel->handle(Object(Symfony\\Component\\Console\\Input\\ArgvInput), Object(Symfony\\Component\\Console\\Output\\ConsoleOutput))
#17 {main}
"} 
